2020-04-23 18:35:26,194 WARN  [main] [Exposed] Indices exist in database and not mapped in code on class 'SERVERSQLPARAMETERS':
2020-04-23 18:35:26,195 WARN  [main] [Exposed] 		Unique Index 'SERVERSQLPARAMETERS_ID_UNIQUE' for 'SERVERSQLPARAMETERS' on columns com.qsys400.qhttp.ibmi.db.ServerSQLParametersTable.id
2020-04-23 18:35:26,276 WARN  [main] [Exposed] Indices exist in database and not mapped in code on class 'SERVERSQLRESULTSETPARAMETERS':
2020-04-23 18:35:26,276 WARN  [main] [Exposed] 		Unique Index 'SERVERSQLRESULTSETPARAMETERS_ID_UNIQUE' for 'SERVERSQLRESULTSETPARAMETERS' on columns com.qsys400.qhttp.ibmi.db.ServerSQLResultSetParametersTable.id
2020-04-23 18:53:08,309 WARN  [main] [Exposed] Indices exist in database and not mapped in code on class 'SERVERSQLPARAMETERS':
2020-04-23 18:53:08,321 WARN  [main] [Exposed] 		Unique Index 'SERVERSQLPARAMETERS_ID_UNIQUE' for 'SERVERSQLPARAMETERS' on columns com.qsys400.qhttp.ibmi.db.ServerSQLParametersTable.id
2020-04-23 18:53:08,391 WARN  [main] [Exposed] Indices exist in database and not mapped in code on class 'SERVERSQLRESULTSETPARAMETERS':
2020-04-23 18:53:08,391 WARN  [main] [Exposed] 		Unique Index 'SERVERSQLRESULTSETPARAMETERS_ID_UNIQUE' for 'SERVERSQLRESULTSETPARAMETERS' on columns com.qsys400.qhttp.ibmi.db.ServerSQLResultSetParametersTable.id
2020-04-23 22:13:08,643 WARN  [main] [Exposed] Indices exist in database and not mapped in code on class 'SERVERSQLPARAMETERS':
2020-04-23 22:13:08,679 WARN  [main] [Exposed] 		Unique Index 'SERVERSQLPARAMETERS_ID_UNIQUE' for 'SERVERSQLPARAMETERS' on columns com.qsys400.qhttp.ibmi.db.ServerSQLParametersTable.id
2020-04-23 22:13:08,872 WARN  [main] [Exposed] Indices exist in database and not mapped in code on class 'SERVERSQLRESULTSETPARAMETERS':
2020-04-23 22:13:08,872 WARN  [main] [Exposed] 		Unique Index 'SERVERSQLRESULTSETPARAMETERS_ID_UNIQUE' for 'SERVERSQLRESULTSETPARAMETERS' on columns com.qsys400.qhttp.ibmi.db.ServerSQLResultSetParametersTable.id
2020-04-23 22:13:20,876 ERROR [qtp369347944-22] [io.javalin.Javalin] Exception occurred while servicing http-request
java.lang.NoClassDefFoundError: kotlinx/coroutines/GlobalScope
	at com.qsys400.qhttp.logs.LoggerKt.logEntry(Logger.kt:64)
	at com.qsys400.qhttp.logs.LoggerKt.logEntry$default(Logger.kt:59)
	at com.qsys400.qhttp.logs.LoggerKt.logEntry(Logger.kt:25)
	at com.qsys400.qhttp.logs.LoggerKt.logEntry$default(Logger.kt:21)
	at com.qsys400.qhttp.controllers.LoginController.getToken(LoginController.kt:50)
	at com.qsys400.qhttp.RoutesKt$setupRoutes$2$1$1$1.invoke(Routes.kt:25)
	at com.qsys400.qhttp.RoutesKt$setupRoutes$2$1$1$1.invoke(Routes.kt)
	at com.qsys400.qhttp.RoutesKt$sam$io_javalin_http_Handler$0.handle(Routes.kt)
	at com.qsys400.qhttp.user.access.AccessManager.isAuthorized(AccessManager.kt:113)
	at com.qsys400.qhttp.QHttpKt$main$server$1$1.invoke(QHttp.kt:68)
	at com.qsys400.qhttp.QHttpKt$main$server$1$1.invoke(QHttp.kt)
	at com.qsys400.qhttp.QHttpKt$sam$io_javalin_core_security_AccessManager$0.manage(QHttp.kt)
	at io.javalin.http.JavalinServlet$addHandler$protectedHandler$1.handle(JavalinServlet.kt:119)
	at io.javalin.http.JavalinServlet$service$2$1.invoke(JavalinServlet.kt:45)
	at io.javalin.http.JavalinServlet$service$2$1.invoke(JavalinServlet.kt:24)
	at io.javalin.http.JavalinServlet$service$1.invoke(JavalinServlet.kt:126)
	at io.javalin.http.JavalinServlet$service$2.invoke(JavalinServlet.kt:40)
	at io.javalin.http.JavalinServlet.service(JavalinServlet.kt:78)
	at javax.servlet.http.HttpServlet.service(HttpServlet.java:790)
	at org.eclipse.jetty.servlet.ServletHolder.handle(ServletHolder.java:755)
	at org.eclipse.jetty.servlet.ServletHandler.doHandle(ServletHandler.java:547)
	at org.eclipse.jetty.server.handler.ScopedHandler.nextHandle(ScopedHandler.java:233)
	at org.eclipse.jetty.server.session.SessionHandler.doHandle(SessionHandler.java:1607)
	at org.eclipse.jetty.server.handler.ScopedHandler.nextHandle(ScopedHandler.java:233)
	at io.javalin.core.JavalinServer$start$httpHandler$1.doHandle(JavalinServer.kt:54)
	at org.eclipse.jetty.server.handler.ScopedHandler.nextScope(ScopedHandler.java:188)
	at org.eclipse.jetty.servlet.ServletHandler.doScope(ServletHandler.java:485)
	at org.eclipse.jetty.server.session.SessionHandler.doScope(SessionHandler.java:1577)
	at org.eclipse.jetty.server.handler.ScopedHandler.nextScope(ScopedHandler.java:186)
	at org.eclipse.jetty.server.handler.ContextHandler.doScope(ContextHandler.java:1212)
	at org.eclipse.jetty.server.handler.ScopedHandler.handle(ScopedHandler.java:141)
	at org.eclipse.jetty.server.handler.HandlerList.handle(HandlerList.java:59)
	at org.eclipse.jetty.server.handler.HandlerWrapper.handle(HandlerWrapper.java:127)
	at org.eclipse.jetty.server.handler.HandlerWrapper.handle(HandlerWrapper.java:127)
	at org.eclipse.jetty.server.Server.handle(Server.java:500)
	at org.eclipse.jetty.server.HttpChannel.lambda$handle$1(HttpChannel.java:383)
	at org.eclipse.jetty.server.HttpChannel.dispatch(HttpChannel.java:547)
	at org.eclipse.jetty.server.HttpChannel.handle(HttpChannel.java:375)
	at org.eclipse.jetty.server.HttpConnection.onFillable(HttpConnection.java:270)
	at org.eclipse.jetty.io.AbstractConnection$ReadCallback.succeeded(AbstractConnection.java:311)
	at org.eclipse.jetty.io.FillInterest.fillable(FillInterest.java:103)
	at org.eclipse.jetty.io.ChannelEndPoint$2.run(ChannelEndPoint.java:117)
	at org.eclipse.jetty.util.thread.strategy.EatWhatYouKill.runTask(EatWhatYouKill.java:336)
	at org.eclipse.jetty.util.thread.strategy.EatWhatYouKill.doProduce(EatWhatYouKill.java:313)
	at org.eclipse.jetty.util.thread.strategy.EatWhatYouKill.tryProduce(EatWhatYouKill.java:171)
	at org.eclipse.jetty.util.thread.strategy.EatWhatYouKill.run(EatWhatYouKill.java:129)
	at org.eclipse.jetty.util.thread.ReservedThreadExecutor$ReservedThread.run(ReservedThreadExecutor.java:388)
	at org.eclipse.jetty.util.thread.QueuedThreadPool.runJob(QueuedThreadPool.java:806)
	at org.eclipse.jetty.util.thread.QueuedThreadPool$Runner.run(QueuedThreadPool.java:938)
	at java.lang.Thread.run(Unknown Source)
Caused by: java.lang.ClassNotFoundException: kotlinx.coroutines.GlobalScope
	at java.net.URLClassLoader.findClass(Unknown Source)
	at java.lang.ClassLoader.loadClass(Unknown Source)
	at sun.misc.Launcher$AppClassLoader.loadClass(Unknown Source)
	at java.lang.ClassLoader.loadClass(Unknown Source)
	... 50 more
2020-04-23 22:13:29,935 ERROR [qtp369347944-26] [io.javalin.Javalin] Exception occurred while servicing http-request
java.lang.NoClassDefFoundError: kotlinx/coroutines/GlobalScope
	at com.qsys400.qhttp.logs.LoggerKt.logEntry(Logger.kt:64)
	at com.qsys400.qhttp.logs.LoggerKt.logEntry$default(Logger.kt:59)
	at com.qsys400.qhttp.logs.LoggerKt.logEntry(Logger.kt:25)
	at com.qsys400.qhttp.logs.LoggerKt.logEntry$default(Logger.kt:21)
	at com.qsys400.qhttp.controllers.LoginController.getToken(LoginController.kt:50)
	at com.qsys400.qhttp.RoutesKt$setupRoutes$2$1$1$1.invoke(Routes.kt:25)
	at com.qsys400.qhttp.RoutesKt$setupRoutes$2$1$1$1.invoke(Routes.kt)
	at com.qsys400.qhttp.RoutesKt$sam$io_javalin_http_Handler$0.handle(Routes.kt)
	at com.qsys400.qhttp.user.access.AccessManager.isAuthorized(AccessManager.kt:113)
	at com.qsys400.qhttp.QHttpKt$main$server$1$1.invoke(QHttp.kt:68)
	at com.qsys400.qhttp.QHttpKt$main$server$1$1.invoke(QHttp.kt)
	at com.qsys400.qhttp.QHttpKt$sam$io_javalin_core_security_AccessManager$0.manage(QHttp.kt)
	at io.javalin.http.JavalinServlet$addHandler$protectedHandler$1.handle(JavalinServlet.kt:119)
	at io.javalin.http.JavalinServlet$service$2$1.invoke(JavalinServlet.kt:45)
	at io.javalin.http.JavalinServlet$service$2$1.invoke(JavalinServlet.kt:24)
	at io.javalin.http.JavalinServlet$service$1.invoke(JavalinServlet.kt:126)
	at io.javalin.http.JavalinServlet$service$2.invoke(JavalinServlet.kt:40)
	at io.javalin.http.JavalinServlet.service(JavalinServlet.kt:78)
	at javax.servlet.http.HttpServlet.service(HttpServlet.java:790)
	at org.eclipse.jetty.servlet.ServletHolder.handle(ServletHolder.java:755)
	at org.eclipse.jetty.servlet.ServletHandler.doHandle(ServletHandler.java:547)
	at org.eclipse.jetty.server.handler.ScopedHandler.nextHandle(ScopedHandler.java:233)
	at org.eclipse.jetty.server.session.SessionHandler.doHandle(SessionHandler.java:1607)
	at org.eclipse.jetty.server.handler.ScopedHandler.nextHandle(ScopedHandler.java:233)
	at io.javalin.core.JavalinServer$start$httpHandler$1.doHandle(JavalinServer.kt:54)
	at org.eclipse.jetty.server.handler.ScopedHandler.nextScope(ScopedHandler.java:188)
	at org.eclipse.jetty.servlet.ServletHandler.doScope(ServletHandler.java:485)
	at org.eclipse.jetty.server.session.SessionHandler.doScope(SessionHandler.java:1577)
	at org.eclipse.jetty.server.handler.ScopedHandler.nextScope(ScopedHandler.java:186)
	at org.eclipse.jetty.server.handler.ContextHandler.doScope(ContextHandler.java:1212)
	at org.eclipse.jetty.server.handler.ScopedHandler.handle(ScopedHandler.java:141)
	at org.eclipse.jetty.server.handler.HandlerList.handle(HandlerList.java:59)
	at org.eclipse.jetty.server.handler.HandlerWrapper.handle(HandlerWrapper.java:127)
	at org.eclipse.jetty.server.handler.HandlerWrapper.handle(HandlerWrapper.java:127)
	at org.eclipse.jetty.server.Server.handle(Server.java:500)
	at org.eclipse.jetty.server.HttpChannel.lambda$handle$1(HttpChannel.java:383)
	at org.eclipse.jetty.server.HttpChannel.dispatch(HttpChannel.java:547)
	at org.eclipse.jetty.server.HttpChannel.handle(HttpChannel.java:375)
	at org.eclipse.jetty.server.HttpConnection.onFillable(HttpConnection.java:270)
	at org.eclipse.jetty.io.AbstractConnection$ReadCallback.succeeded(AbstractConnection.java:311)
	at org.eclipse.jetty.io.FillInterest.fillable(FillInterest.java:103)
	at org.eclipse.jetty.io.ChannelEndPoint$2.run(ChannelEndPoint.java:117)
	at org.eclipse.jetty.util.thread.strategy.EatWhatYouKill.runTask(EatWhatYouKill.java:336)
	at org.eclipse.jetty.util.thread.strategy.EatWhatYouKill.doProduce(EatWhatYouKill.java:313)
	at org.eclipse.jetty.util.thread.strategy.EatWhatYouKill.tryProduce(EatWhatYouKill.java:171)
	at org.eclipse.jetty.util.thread.strategy.EatWhatYouKill.run(EatWhatYouKill.java:129)
	at org.eclipse.jetty.util.thread.ReservedThreadExecutor$ReservedThread.run(ReservedThreadExecutor.java:388)
	at org.eclipse.jetty.util.thread.QueuedThreadPool.runJob(QueuedThreadPool.java:806)
	at org.eclipse.jetty.util.thread.QueuedThreadPool$Runner.run(QueuedThreadPool.java:938)
	at java.lang.Thread.run(Unknown Source)
2020-04-23 22:14:05,904 ERROR [qtp369347944-37] [io.javalin.Javalin] Exception occurred while servicing http-request
java.lang.NoClassDefFoundError: kotlinx/coroutines/GlobalScope
	at com.qsys400.qhttp.logs.LoggerKt.logEntry(Logger.kt:64)
	at com.qsys400.qhttp.logs.LoggerKt.logEntry$default(Logger.kt:59)
	at com.qsys400.qhttp.logs.LoggerKt.logEntry(Logger.kt:25)
	at com.qsys400.qhttp.logs.LoggerKt.logEntry$default(Logger.kt:21)
	at com.qsys400.qhttp.controllers.LoginController.getToken(LoginController.kt:50)
	at com.qsys400.qhttp.RoutesKt$setupRoutes$2$1$1$1.invoke(Routes.kt:25)
	at com.qsys400.qhttp.RoutesKt$setupRoutes$2$1$1$1.invoke(Routes.kt)
	at com.qsys400.qhttp.RoutesKt$sam$io_javalin_http_Handler$0.handle(Routes.kt)
	at com.qsys400.qhttp.user.access.AccessManager.isAuthorized(AccessManager.kt:113)
	at com.qsys400.qhttp.QHttpKt$main$server$1$1.invoke(QHttp.kt:68)
	at com.qsys400.qhttp.QHttpKt$main$server$1$1.invoke(QHttp.kt)
	at com.qsys400.qhttp.QHttpKt$sam$io_javalin_core_security_AccessManager$0.manage(QHttp.kt)
	at io.javalin.http.JavalinServlet$addHandler$protectedHandler$1.handle(JavalinServlet.kt:119)
	at io.javalin.http.JavalinServlet$service$2$1.invoke(JavalinServlet.kt:45)
	at io.javalin.http.JavalinServlet$service$2$1.invoke(JavalinServlet.kt:24)
	at io.javalin.http.JavalinServlet$service$1.invoke(JavalinServlet.kt:126)
	at io.javalin.http.JavalinServlet$service$2.invoke(JavalinServlet.kt:40)
	at io.javalin.http.JavalinServlet.service(JavalinServlet.kt:78)
	at javax.servlet.http.HttpServlet.service(HttpServlet.java:790)
	at org.eclipse.jetty.servlet.ServletHolder.handle(ServletHolder.java:755)
	at org.eclipse.jetty.servlet.ServletHandler.doHandle(ServletHandler.java:547)
	at org.eclipse.jetty.server.handler.ScopedHandler.nextHandle(ScopedHandler.java:233)
	at org.eclipse.jetty.server.session.SessionHandler.doHandle(SessionHandler.java:1607)
	at org.eclipse.jetty.server.handler.ScopedHandler.nextHandle(ScopedHandler.java:233)
	at io.javalin.core.JavalinServer$start$httpHandler$1.doHandle(JavalinServer.kt:54)
	at org.eclipse.jetty.server.handler.ScopedHandler.nextScope(ScopedHandler.java:188)
	at org.eclipse.jetty.servlet.ServletHandler.doScope(ServletHandler.java:485)
	at org.eclipse.jetty.server.session.SessionHandler.doScope(SessionHandler.java:1577)
	at org.eclipse.jetty.server.handler.ScopedHandler.nextScope(ScopedHandler.java:186)
	at org.eclipse.jetty.server.handler.ContextHandler.doScope(ContextHandler.java:1212)
	at org.eclipse.jetty.server.handler.ScopedHandler.handle(ScopedHandler.java:141)
	at org.eclipse.jetty.server.handler.HandlerList.handle(HandlerList.java:59)
	at org.eclipse.jetty.server.handler.HandlerWrapper.handle(HandlerWrapper.java:127)
	at org.eclipse.jetty.server.handler.HandlerWrapper.handle(HandlerWrapper.java:127)
	at org.eclipse.jetty.server.Server.handle(Server.java:500)
	at org.eclipse.jetty.server.HttpChannel.lambda$handle$1(HttpChannel.java:383)
	at org.eclipse.jetty.server.HttpChannel.dispatch(HttpChannel.java:547)
	at org.eclipse.jetty.server.HttpChannel.handle(HttpChannel.java:375)
	at org.eclipse.jetty.server.HttpConnection.onFillable(HttpConnection.java:270)
	at org.eclipse.jetty.io.AbstractConnection$ReadCallback.succeeded(AbstractConnection.java:311)
	at org.eclipse.jetty.io.FillInterest.fillable(FillInterest.java:103)
	at org.eclipse.jetty.io.ChannelEndPoint$2.run(ChannelEndPoint.java:117)
	at org.eclipse.jetty.util.thread.strategy.EatWhatYouKill.runTask(EatWhatYouKill.java:336)
	at org.eclipse.jetty.util.thread.strategy.EatWhatYouKill.doProduce(EatWhatYouKill.java:313)
	at org.eclipse.jetty.util.thread.strategy.EatWhatYouKill.tryProduce(EatWhatYouKill.java:171)
	at org.eclipse.jetty.util.thread.strategy.EatWhatYouKill.run(EatWhatYouKill.java:129)
	at org.eclipse.jetty.util.thread.ReservedThreadExecutor$ReservedThread.run(ReservedThreadExecutor.java:388)
	at org.eclipse.jetty.util.thread.QueuedThreadPool.runJob(QueuedThreadPool.java:806)
	at org.eclipse.jetty.util.thread.QueuedThreadPool$Runner.run(QueuedThreadPool.java:938)
	at java.lang.Thread.run(Unknown Source)
